In file included from /tmp/pip-req-build-y52qbz0a/src/CYdLidar.cpp:39:
/tmp/pip-req-build-y52qbz0a/src/DTSLidarDriver.h:19: warning: "SDK_CMD_STARTSCAN" redefined
   19 | #define SDK_CMD_STARTSCAN 0x01 //开启测距
      | 
In file included from /tmp/pip-req-build-y52qbz0a/src/CYdLidar.cpp:38:
/tmp/pip-req-build-y52qbz0a/src/SDMLidarDriver.h:70: note: this is the location of the previous definition
   70 | #define SDK_CMD_STARTSCAN 0x60 //开启测距
      | 
In file included from /tmp/pip-req-build-y52qbz0a/src/CYdLidar.cpp:39:
/tmp/pip-req-build-y52qbz0a/src/DTSLidarDriver.h:20: warning: "SDK_CMD_STOPSCAN" redefined
   20 | #define SDK_CMD_STOPSCAN 0x02 //停止测距
      | 
In file included from /tmp/pip-req-build-y52qbz0a/src/CYdLidar.cpp:38:
/tmp/pip-req-build-y52qbz0a/src/SDMLidarDriver.h:71: note: this is the location of the previous definition
   71 | #define SDK_CMD_STOPSCAN 0x61 //停止测距
      | 
In file included from /tmp/pip-req-build-y52qbz0a/./core/common/DriverInterface.h:5,
                 from /tmp/pip-req-build-y52qbz0a/src/CYdLidar.h:48,
                 from /tmp/pip-req-build-y52qbz0a/src/CYdLidar.cpp:29:
/tmp/pip-req-build-y52qbz0a/./core/base/thread.h: In member function ‘int ydlidar::core::base::Thread::join(long unsigned int)’:
/tmp/pip-req-build-y52qbz0a/./core/base/thread.h:135:46: warning: format ‘%X’ expects argument of type ‘unsigned int’, but argument 2 has type ‘_size_t’ {aka ‘long unsigned int’} [-Wformat=]
  135 |           printf("[YDLIDAR DEBUG] Thread [0x%X] ready to cancel[%d]\n", _handle, s);
      |                                             ~^                          ~~~~~~~
      |                                              |                          |
      |                                              unsigned int               _size_t {aka long unsigned int}
      |                                             %lX
/tmp/pip-req-build-y52qbz0a/./core/base/thread.h:137:46: warning: format ‘%X’ expects argument of type ‘unsigned int’, but argument 2 has type ‘_size_t’ {aka ‘long unsigned int’} [-Wformat=]
  137 |           printf("[YDLIDAR DEBUG] Thread [0x%X] ready to cancel[%d] time[%u]\n",
      |                                             ~^
      |                                              |
      |                                              unsigned int
      |                                             %lX
  138 |             _handle, s, getms() - t);
      |             ~~~~~~~                           
      |             |
      |             _size_t {aka long unsigned int}
/tmp/pip-req-build-y52qbz0a/./core/base/thread.h:141:42: warning: format ‘%X’ expects argument of type ‘unsigned int’, but argument 2 has type ‘_size_t’ {aka ‘long unsigned int’} [-Wformat=]
  141 |             printf("[YDLIDAR] Thread [0x%X] has been canceled in other thread\n", _handle);
      |                                         ~^                                        ~~~~~~~
      |                                          |                                        |
      |                                          unsigned int                             _size_t {aka long unsigned int}
      |                                         %lX
/tmp/pip-req-build-y52qbz0a/./core/base/thread.h:146:74: warning: format ‘%X’ expects argument of type ‘unsigned int’, but argument 3 has type ‘_size_t’ {aka ‘long unsigned int’} [-Wformat=]
  146 |             fprintf(stderr, "[YDLIDAR] An error occurred while thread[0x%X] cancelled!\n", _handle);
      |                                                                         ~^                 ~~~~~~~
      |                                                                          |                 |
      |                                                                          unsigned int      _size_t {aka long unsigned int}
      |                                                                         %lX
/tmp/pip-req-build-y52qbz0a/./core/base/thread.h:150:40: warning: format ‘%X’ expects argument of type ‘unsigned int’, but argument 2 has type ‘_size_t’ {aka ‘long unsigned int’} [-Wformat=]
  150 |           printf("[YDLIDAR] Thread [0x%X] has been canceled\n", _handle);
      |                                       ~^                        ~~~~~~~
      |                                        |                        |
      |                                        unsigned int             _size_t {aka long unsigned int}
      |                                       %lX
In file included from /tmp/pip-req-build-y52qbz0a/src/CYdLidar.cpp:33:
/tmp/pip-req-build-y52qbz0a/./core/common/ydlidar_help.h: In function ‘void ydlidar::core::common::debug(char*, ...)’:
/tmp/pip-req-build-y52qbz0a/./core/common/ydlidar_help.h:96:10: warning: format not a string literal and no format arguments [-Wformat-security]
   96 |   printf(buff); \
      |          ^~~~
/tmp/pip-req-build-y52qbz0a/./core/common/ydlidar_help.h:105:3: note: in expansion of macro ‘FORMAT_STDOUT’
  105 |   FORMAT_STDOUT
      |   ^~~~~~~~~~~~~
/tmp/pip-req-build-y52qbz0a/./core/common/ydlidar_help.h: In function ‘void ydlidar::core::common::info(char*, ...)’:
/tmp/pip-req-build-y52qbz0a/./core/common/ydlidar_help.h:96:10: warning: format not a string literal and no format arguments [-Wformat-security]
   96 |   printf(buff); \
      |          ^~~~
/tmp/pip-req-build-y52qbz0a/./core/common/ydlidar_help.h:115:3: note: in expansion of macro ‘FORMAT_STDOUT’
  115 |   FORMAT_STDOUT
      |   ^~~~~~~~~~~~~
/tmp/pip-req-build-y52qbz0a/./core/common/ydlidar_help.h: In function ‘void ydlidar::core::common::warn(char*, ...)’:
/tmp/pip-req-build-y52qbz0a/./core/common/ydlidar_help.h:96:10: warning: format not a string literal and no format arguments [-Wformat-security]
   96 |   printf(buff); \
      |          ^~~~
/tmp/pip-req-build-y52qbz0a/./core/common/ydlidar_help.h:125:3: note: in expansion of macro ‘FORMAT_STDOUT’
  125 |   FORMAT_STDOUT
      |   ^~~~~~~~~~~~~
/tmp/pip-req-build-y52qbz0a/./core/common/ydlidar_help.h: In function ‘void ydlidar::core::common::error(char*, ...)’:
/tmp/pip-req-build-y52qbz0a/./core/common/ydlidar_help.h:96:10: warning: format not a string literal and no format arguments [-Wformat-security]
   96 |   printf(buff); \
      |          ^~~~
/tmp/pip-req-build-y52qbz0a/./core/common/ydlidar_help.h:136:3: note: in expansion of macro ‘FORMAT_STDOUT’
  136 |   FORMAT_STDOUT
      |   ^~~~~~~~~~~~~
/tmp/pip-req-build-y52qbz0a/./core/common/ydlidar_help.h: In function ‘bool ydlidar::core::common::printfDeviceInfo(const device_info&, int)’:
/tmp/pip-req-build-y52qbz0a/./core/common/ydlidar_help.h:1111:8: warning: ISO C++ forbids converting a string constant to ‘char*’ [-Wwrite-strings]
 1111 |   info("%s device info\n"
      |        ^~~~~~~~~~~~~~~~~~
 1112 |          "Firmware version: %u.%u\n"
      |          ~~~~~~~~~~~~~~~~~~~~~~~~~~~
 1113 |          "Hardware version: %u\n"
      |          ~~~~~~~~~~~~~~~~~~~~~~~~
 1114 |          "Model: %s\n"
      |          ~~~~~~~~~~~~~
 1115 |          "Serial: %s",
      |          ~~~~~~~~~~~~
/tmp/pip-req-build-y52qbz0a/src/CYdLidar.cpp: In member function ‘bool CYdLidar::initialize()’:
/tmp/pip-req-build-y52qbz0a/src/CYdLidar.cpp:421:11: warning: ISO C++ forbids converting a string constant to ‘char*’ [-Wwrite-strings]
  421 |     error("Error initializing YDLIDAR check Comms.");
      |           ^~~~~~~~~~~~~~~~~~~~~~~~~~~~~~~~~~~~~~~~~
/tmp/pip-req-build-y52qbz0a/src/CYdLidar.cpp:427:11: warning: ISO C++ forbids converting a string constant to ‘char*’ [-Wwrite-strings]
  427 |     error("Error initializing YDLIDAR check status under [%s] and [%d].",
      |           ^~~~~~~~~~~~~~~~~~~~~~~~~~~~~~~~~~~~~~~~~~~~~~~~~~~~~~~~~~~~~~
/tmp/pip-req-build-y52qbz0a/src/CYdLidar.cpp:432:8: warning: ISO C++ forbids converting a string constant to ‘char*’ [-Wwrite-strings]
  432 |   info("Lidar init success, Elapsed time [%u]ms", getms() - t);
      |        ^~~~~~~~~~~~~~~~~~~~~~~~~~~~~~~~~~~~~~~~~
/tmp/pip-req-build-y52qbz0a/src/CYdLidar.cpp: In member function ‘void CYdLidar::GetLidarVersion(LidarVersion&)’:
/tmp/pip-req-build-y52qbz0a/src/CYdLidar.cpp:446:8: warning: ISO C++ forbids converting a string constant to ‘char*’ [-Wwrite-strings]
  446 |   info("Lidar version\n"
      |        ^~~~~~~~~~~~~~~~~
  447 |         "Firmware version: %u.%u.%u\n"
      |         ~~~~~~~~~~~~~~~~~~~~~~~~~~~~~~
  448 |         "Hardware version: %u\n"
      |         ~~~~~~~~~~~~~~~~~~~~~~~~
  449 |         "Serial: %s",
      |         ~~~~~~~~~~~~
/tmp/pip-req-build-y52qbz0a/src/CYdLidar.cpp: In member function ‘bool CYdLidar::turnOn()’:
/tmp/pip-req-build-y52qbz0a/src/CYdLidar.cpp:474:13: warning: ISO C++ forbids converting a string constant to ‘char*’ [-Wwrite-strings]
  474 |       error("Failed to start scan mode %d", ret);
      |             ^~~~~~~~~~~~~~~~~~~~~~~~~~~~~~
/tmp/pip-req-build-y52qbz0a/src/CYdLidar.cpp:478:8: warning: ISO C++ forbids converting a string constant to ‘char*’ [-Wwrite-strings]
  478 |   info("Successed to start scan mode, Elapsed time %u ms", getms() - t);
      |        ^~~~~~~~~~~~~~~~~~~~~~~~~~~~~~~~~~~~~~~~~~~~~~~~~~
/tmp/pip-req-build-y52qbz0a/src/CYdLidar.cpp:485:11: warning: ISO C++ forbids converting a string constant to ‘char*’ [-Wwrite-strings]
  485 |     error("Failed to turn on the Lidar, because the lidar is [%s].",
      |           ^~~~~~~~~~~~~~~~~~~~~~~~~~~~~~~~~~~~~~~~~~~~~~~~~~~~~~~~~
/tmp/pip-req-build-y52qbz0a/src/CYdLidar.cpp:489:8: warning: ISO C++ forbids converting a string constant to ‘char*’ [-Wwrite-strings]
  489 |   info("Successed to check the lidar, Elapsed time %u ms", getms() - t);
      |        ^~~~~~~~~~~~~~~~~~~~~~~~~~~~~~~~~~~~~~~~~~~~~~~~~~
/tmp/pip-req-build-y52qbz0a/src/CYdLidar.cpp:512:8: warning: ISO C++ forbids converting a string constant to ‘char*’ [-Wwrite-strings]
  512 |   info("Now lidar is scanning...");
      |        ^~~~~~~~~~~~~~~~~~~~~~~~~~
/tmp/pip-req-build-y52qbz0a/src/CYdLidar.cpp: In member function ‘bool CYdLidar::turnOff()’:
/tmp/pip-req-build-y52qbz0a/src/CYdLidar.cpp:821:12: warning: ISO C++ forbids converting a string constant to ‘char*’ [-Wwrite-strings]
  821 |       info("Now lidar scanning has stopped!");
      |            ^~~~~~~~~~~~~~~~~~~~~~~~~~~~~~~~~
/tmp/pip-req-build-y52qbz0a/src/CYdLidar.cpp: In member function ‘bool CYdLidar::getUserVersion(std::string&)’:
/tmp/pip-req-build-y52qbz0a/src/CYdLidar.cpp:907:15: warning: ISO C++ forbids converting a string constant to ‘char*’ [-Wwrite-strings]
  907 |         error("Device is not open!");
      |               ^~~~~~~~~~~~~~~~~~~~~
/tmp/pip-req-build-y52qbz0a/src/CYdLidar.cpp: In member function ‘bool CYdLidar::checkLidarAbnormal()’:
/tmp/pip-req-build-y52qbz0a/src/CYdLidar.cpp:1169:12: warning: ISO C++ forbids converting a string constant to ‘char*’ [-Wwrite-strings]
 1169 |       info("Single Fixed Size: %d", m_FixedSize);
      |            ^~~~~~~~~~~~~~~~~~~~~~~
/tmp/pip-req-build-y52qbz0a/src/CYdLidar.cpp:1170:12: warning: ISO C++ forbids converting a string constant to ‘char*’ [-Wwrite-strings]
 1170 |       info("Sample Rate: %.02fK", m_SampleRate);
      |            ^~~~~~~~~~~~~~~~~~~~~
/tmp/pip-req-build-y52qbz0a/src/CYdLidar.cpp: In member function ‘bool CYdLidar::calcSampleRate(int, double)’:
/tmp/pip-req-build-y52qbz0a/src/CYdLidar.cpp:1301:10: warning: ISO C++ forbids converting a string constant to ‘char*’ [-Wwrite-strings]
 1301 |     info("Scan Frequency: %.02fHz", m_ScanFrequency);
      |          ^~~~~~~~~~~~~~~~~~~~~~~~~
/tmp/pip-req-build-y52qbz0a/src/CYdLidar.cpp:1303:12: warning: ISO C++ forbids converting a string constant to ‘char*’ [-Wwrite-strings]
 1303 |       info("Fixed Size: %d", m_FixedSize);
      |            ^~~~~~~~~~~~~~~~
/tmp/pip-req-build-y52qbz0a/src/CYdLidar.cpp:1304:10: warning: ISO C++ forbids converting a string constant to ‘char*’ [-Wwrite-strings]
 1304 |     info("Sample Rate: %.02fK", m_SampleRate);
      |          ^~~~~~~~~~~~~~~~~~~~~
/tmp/pip-req-build-y52qbz0a/src/CYdLidar.cpp: In member function ‘bool CYdLidar::getDeviceHealth()’:
/tmp/pip-req-build-y52qbz0a/src/CYdLidar.cpp:1328:10: warning: ISO C++ forbids converting a string constant to ‘char*’ [-Wwrite-strings]
 1328 |     info("Lidar running correctly! The health status %s",
      |          ^~~~~~~~~~~~~~~~~~~~~~~~~~~~~~~~~~~~~~~~~~~~~~~
/tmp/pip-req-build-y52qbz0a/src/CYdLidar.cpp:1332:13: warning: ISO C++ forbids converting a string constant to ‘char*’ [-Wwrite-strings]
 1332 |       error("Error, Lidar internal error[0x%X] detected. "
      |             ^~~~~~~~~~~~~~~~~~~~~~~~~~~~~~~~~~~~~~~~~~~~~~
 1333 |             "Please reboot the device to retry.",
      |             ~~~~~~~~~~~~~~~~~~~~~~~~~~~~~~~~~~~~
/tmp/pip-req-build-y52qbz0a/src/CYdLidar.cpp:1344:11: warning: ISO C++ forbids converting a string constant to ‘char*’ [-Wwrite-strings]
 1344 |     error("Error, cannot retrieve Lidar health code %d", ret);
      |           ^~~~~~~~~~~~~~~~~~~~~~~~~~~~~~~~~~~~~~~~~~~~~
/tmp/pip-req-build-y52qbz0a/src/CYdLidar.cpp: In member function ‘bool CYdLidar::getDeviceInfo()’:
/tmp/pip-req-build-y52qbz0a/src/CYdLidar.cpp:1364:11: warning: ISO C++ forbids converting a string constant to ‘char*’ [-Wwrite-strings]
 1364 |     error("Fail to get baseplate device information!");
      |           ^~~~~~~~~~~~~~~~~~~~~~~~~~~~~~~~~~~~~~~~~~~
/tmp/pip-req-build-y52qbz0a/src/CYdLidar.cpp:1370:11: warning: ISO C++ forbids converting a string constant to ‘char*’ [-Wwrite-strings]
 1370 |     error("Current SDK does not support current lidar model [%s]",
      |           ^~~~~~~~~~~~~~~~~~~~~~~~~~~~~~~~~~~~~~~~~~~~~~~~~~~~~~~
/tmp/pip-req-build-y52qbz0a/src/CYdLidar.cpp:1380:13: warning: ISO C++ forbids converting a string constant to ‘char*’ [-Wwrite-strings]
 1380 |       error("Incorrect Lidar Type setting...");
      |             ^~~~~~~~~~~~~~~~~~~~~~~~~~~~~~~~~
/tmp/pip-req-build-y52qbz0a/src/CYdLidar.cpp:1400:8: warning: ISO C++ forbids converting a string constant to ‘char*’ [-Wwrite-strings]
 1400 |   info("Current Lidar Model Code %d", lidar_model);
      |        ^~~~~~~~~~~~~~~~~~~~~~~~~~~~~
/tmp/pip-req-build-y52qbz0a/src/CYdLidar.cpp: In member function ‘void CYdLidar::handleSingleChannelDevice()’:
/tmp/pip-req-build-y52qbz0a/src/CYdLidar.cpp:1515:8: warning: ISO C++ forbids converting a string constant to ‘char*’ [-Wwrite-strings]
 1515 |   info("Single channel current sampling rate: %.02fK", m_SampleRate);
      |        ^~~~~~~~~~~~~~~~~~~~~~~~~~~~~~~~~~~~~~~~~~~~~~
/tmp/pip-req-build-y52qbz0a/src/CYdLidar.cpp: In member function ‘void CYdLidar::checkSampleRate()’:
/tmp/pip-req-build-y52qbz0a/src/CYdLidar.cpp:1531:10: warning: ISO C++ forbids converting a string constant to ‘char*’ [-Wwrite-strings]
 1531 |     info("Origin sample rate code: %u", _rate.rate);
      |          ^~~~~~~~~~~~~~~~~~~~~~~~~~~~~
/tmp/pip-req-build-y52qbz0a/src/CYdLidar.cpp:1557:10: warning: ISO C++ forbids converting a string constant to ‘char*’ [-Wwrite-strings]
 1557 |     info("Current sample rate: %.02fK", m_SampleRate);
      |          ^~~~~~~~~~~~~~~~~~~~~~~~~~~~~
/tmp/pip-req-build-y52qbz0a/src/CYdLidar.cpp: In member function ‘bool CYdLidar::checkScanFrequency()’:
/tmp/pip-req-build-y52qbz0a/src/CYdLidar.cpp:1579:12: warning: ISO C++ forbids converting a string constant to ‘char*’ [-Wwrite-strings]
 1579 |       info("Current scan frequency: %.02fHz", frequency);
      |            ^~~~~~~~~~~~~~~~~~~~~~~~~~~~~~~~~
/tmp/pip-req-build-y52qbz0a/src/CYdLidar.cpp:1618:11: warning: ISO C++ forbids converting a string constant to ‘char*’ [-Wwrite-strings]
 1618 |     error("Current scan frequency[%f] is out of range.",
      |           ^~~~~~~~~~~~~~~~~~~~~~~~~~~~~~~~~~~~~~~~~~~~~
/tmp/pip-req-build-y52qbz0a/src/CYdLidar.cpp:1640:8: warning: ISO C++ forbids converting a string constant to ‘char*’ [-Wwrite-strings]
 1640 |   info("Current scan frequency: %.02fHz", m_ScanFrequency);
      |        ^~~~~~~~~~~~~~~~~~~~~~~~~~~~~~~~~
/tmp/pip-req-build-y52qbz0a/src/CYdLidar.cpp: In member function ‘bool CYdLidar::checkCalibrationAngle(const string&)’:
/tmp/pip-req-build-y52qbz0a/src/CYdLidar.cpp:1707:12: warning: ISO C++ forbids converting a string constant to ‘char*’ [-Wwrite-strings]
 1707 |       info("Successfully obtained the %s offset angle[%f] from the lidar[%s]",
      |            ^~~~~~~~~~~~~~~~~~~~~~~~~~~~~~~~~~~~~~~~~~~~~~~~~~~~~~~~~~~~~~~~~~
/tmp/pip-req-build-y52qbz0a/src/CYdLidar.cpp:1716:8: warning: ISO C++ forbids converting a string constant to ‘char*’ [-Wwrite-strings]
 1716 |   info("Current %s AngleOffset : %f°",
      |        ^~~~~~~~~~~~~~~~~~~~~~~~~~~~~~~
/tmp/pip-req-build-y52qbz0a/src/CYdLidar.cpp: In member function ‘bool CYdLidar::checkConnect()’:
/tmp/pip-req-build-y52qbz0a/src/CYdLidar.cpp:1736:10: warning: ISO C++ forbids converting a string constant to ‘char*’ [-Wwrite-strings]
 1736 |     info("SDK initializing");
      |          ^~~~~~~~~~~~~~~~~~
/tmp/pip-req-build-y52qbz0a/src/CYdLidar.cpp:1754:13: warning: ISO C++ forbids converting a string constant to ‘char*’ [-Wwrite-strings]
 1754 |       error("Create driver fail!");
      |             ^~~~~~~~~~~~~~~~~~~~~
/tmp/pip-req-build-y52qbz0a/src/CYdLidar.cpp:1758:10: warning: ISO C++ forbids converting a string constant to ‘char*’ [-Wwrite-strings]
 1758 |     info("SDK has been initialized");
      |          ^~~~~~~~~~~~~~~~~~~~~~~~~~
/tmp/pip-req-build-y52qbz0a/src/CYdLidar.cpp:1759:10: warning: ISO C++ forbids converting a string constant to ‘char*’ [-Wwrite-strings]
 1759 |     info("SDK Version: %s", lidarPtr->getSDKVersion().c_str());
      |          ^~~~~~~~~~~~~~~~~
/tmp/pip-req-build-y52qbz0a/src/CYdLidar.cpp:1803:13: warning: ISO C++ forbids converting a string constant to ‘char*’ [-Wwrite-strings]
 1803 |       error("Error, cannot bind to the specified IP Address[%s]",
      |             ^~~~~~~~~~~~~~~~~~~~~~~~~~~~~~~~~~~~~~~~~~~~~~~~~~~~
/tmp/pip-req-build-y52qbz0a/src/CYdLidar.cpp:1808:13: warning: ISO C++ forbids converting a string constant to ‘char*’ [-Wwrite-strings]
 1808 |       error("Error, cannot bind to the specified [%s:%s] and [%s:%d]",
      |             ^~~~~~~~~~~~~~~~~~~~~~~~~~~~~~~~~~~~~~~~~~~~~~~~~~~~~~~~~
/tmp/pip-req-build-y52qbz0a/src/CYdLidar.cpp:1818:8: warning: ISO C++ forbids converting a string constant to ‘char*’ [-Wwrite-strings]
 1818 |   info("Connect elapsed time %u ms", getms() - t);
      |        ^~~~~~~~~~~~~~~~~~~~~~~~~~~~
/tmp/pip-req-build-y52qbz0a/src/CYdLidar.cpp:1819:8: warning: ISO C++ forbids converting a string constant to ‘char*’ [-Wwrite-strings]
 1819 |   info("Lidar successfully connected [%s:%d]",
      |        ^~~~~~~~~~~~~~~~~~~~~~~~~~~~~~~~~~~~~~
/tmp/pip-req-build-y52qbz0a/src/CYdLidar.cpp: In member function ‘bool CYdLidar::checkStatus()’:
/tmp/pip-req-build-y52qbz0a/src/CYdLidar.cpp:1832:8: warning: ISO C++ forbids converting a string constant to ‘char*’ [-Wwrite-strings]
 1832 |   info("Check status, Elapsed time %u ms", getms() - t);
      |        ^~~~~~~~~~~~~~~~~~~~~~~~~~~~~~~~~~
/tmp/pip-req-build-y52qbz0a/src/CYdLidar.cpp: In function ‘void ydlidar::printLogo()’:
/tmp/pip-req-build-y52qbz0a/src/CYdLidar.cpp:1873:8: warning: ISO C++ forbids converting a string constant to ‘char*’ [-Wwrite-strings]
 1873 |   info("__   ______  _     ___ ____    _    ____");
      |        ^~~~~~~~~~~~~~~~~~~~~~~~~~~~~~~~~~~~~~~~~~
/tmp/pip-req-build-y52qbz0a/src/CYdLidar.cpp:1874:8: warning: ISO C++ forbids converting a string constant to ‘char*’ [-Wwrite-strings]
 1874 |   info("\\ \\ / /  _ \\| |   |_ _|  _ \\  / \\  |  _ \\");
      |        ^~~~~~~~~~~~~~~~~~~~~~~~~~~~~~~~~~~~~~~~~~~~~~~~~
/tmp/pip-req-build-y52qbz0a/src/CYdLidar.cpp:1875:8: warning: ISO C++ forbids converting a string constant to ‘char*’ [-Wwrite-strings]
 1875 |   info(" \\ V /| | | | |    | || | | |/ _ \\ | |_) |");
      |        ^~~~~~~~~~~~~~~~~~~~~~~~~~~~~~~~~~~~~~~~~~~~~~
/tmp/pip-req-build-y52qbz0a/src/CYdLidar.cpp:1876:8: warning: ISO C++ forbids converting a string constant to ‘char*’ [-Wwrite-strings]
 1876 |   info("  | | | |_| | |___ | || |_| / ___ \\|  _ <");
      |        ^~~~~~~~~~~~~~~~~~~~~~~~~~~~~~~~~~~~~~~~~~~~
/tmp/pip-req-build-y52qbz0a/src/CYdLidar.cpp:1877:8: warning: ISO C++ forbids converting a string constant to ‘char*’ [-Wwrite-strings]
 1877 |   info("  |_| |____/|_____|___|____/_/   \\_\\_| \\_\\");
      |        ^~~~~~~~~~~~~~~~~~~~~~~~~~~~~~~~~~~~~~~~~~~~~~~~
/tmp/pip-req-build-y52qbz0a/src/CYdLidar.cpp:1878:8: warning: ISO C++ forbids converting a string constant to ‘char*’ [-Wwrite-strings]
 1878 |   info("");
      |        ^~
