In file included from /home/Rpi/YDLidar-SDK/./core/common/DriverInterface.h:5,
                 from /home/Rpi/YDLidar-SDK/src/CYdLidar.h:48,
                 from /home/Rpi/YDLidar-SDK/examples/tia_test.cpp:5:
/home/Rpi/YDLidar-SDK/./core/base/thread.h: In member function ‘int ydlidar::core::base::Thread::join(long unsigned int)’:
/home/Rpi/YDLidar-SDK/./core/base/thread.h:135:46: warning: format ‘%X’ expects argument of type ‘unsigned int’, but argument 2 has type ‘_size_t’ {aka ‘long unsigned int’} [-Wformat=]
  135 |           printf("[YDLIDAR DEBUG] Thread [0x%X] ready to cancel[%d]\n", _handle, s);
      |                                             ~^                          ~~~~~~~
      |                                              |                          |
      |                                              unsigned int               _size_t {aka long unsigned int}
      |                                             %lX
/home/Rpi/YDLidar-SDK/./core/base/thread.h:137:46: warning: format ‘%X’ expects argument of type ‘unsigned int’, but argument 2 has type ‘_size_t’ {aka ‘long unsigned int’} [-Wformat=]
  137 |           printf("[YDLIDAR DEBUG] Thread [0x%X] ready to cancel[%d] time[%u]\n",
      |                                             ~^
      |                                              |
      |                                              unsigned int
      |                                             %lX
  138 |             _handle, s, getms() - t);
      |             ~~~~~~~                           
      |             |
      |             _size_t {aka long unsigned int}
/home/Rpi/YDLidar-SDK/./core/base/thread.h:141:42: warning: format ‘%X’ expects argument of type ‘unsigned int’, but argument 2 has type ‘_size_t’ {aka ‘long unsigned int’} [-Wformat=]
  141 |             printf("[YDLIDAR] Thread [0x%X] has been canceled in other thread\n", _handle);
      |                                         ~^                                        ~~~~~~~
      |                                          |                                        |
      |                                          unsigned int                             _size_t {aka long unsigned int}
      |                                         %lX
/home/Rpi/YDLidar-SDK/./core/base/thread.h:146:74: warning: format ‘%X’ expects argument of type ‘unsigned int’, but argument 3 has type ‘_size_t’ {aka ‘long unsigned int’} [-Wformat=]
  146 |             fprintf(stderr, "[YDLIDAR] An error occurred while thread[0x%X] cancelled!\n", _handle);
      |                                                                         ~^                 ~~~~~~~
      |                                                                          |                 |
      |                                                                          unsigned int      _size_t {aka long unsigned int}
      |                                                                         %lX
/home/Rpi/YDLidar-SDK/./core/base/thread.h:150:40: warning: format ‘%X’ expects argument of type ‘unsigned int’, but argument 2 has type ‘_size_t’ {aka ‘long unsigned int’} [-Wformat=]
  150 |           printf("[YDLIDAR] Thread [0x%X] has been canceled\n", _handle);
      |                                       ~^                        ~~~~~~~
      |                                        |                        |
      |                                        unsigned int             _size_t {aka long unsigned int}
      |                                       %lX
In file included from /home/Rpi/YDLidar-SDK/examples/tia_test.cpp:6:
/home/Rpi/YDLidar-SDK/./core/common/ydlidar_help.h: In function ‘void ydlidar::core::common::debug(char*, ...)’:
/home/Rpi/YDLidar-SDK/./core/common/ydlidar_help.h:96:10: warning: format not a string literal and no format arguments [-Wformat-security]
   96 |   printf(buff); \
      |          ^~~~
/home/Rpi/YDLidar-SDK/./core/common/ydlidar_help.h:105:3: note: in expansion of macro ‘FORMAT_STDOUT’
  105 |   FORMAT_STDOUT
      |   ^~~~~~~~~~~~~
/home/Rpi/YDLidar-SDK/./core/common/ydlidar_help.h: In function ‘void ydlidar::core::common::info(char*, ...)’:
/home/Rpi/YDLidar-SDK/./core/common/ydlidar_help.h:96:10: warning: format not a string literal and no format arguments [-Wformat-security]
   96 |   printf(buff); \
      |          ^~~~
/home/Rpi/YDLidar-SDK/./core/common/ydlidar_help.h:115:3: note: in expansion of macro ‘FORMAT_STDOUT’
  115 |   FORMAT_STDOUT
      |   ^~~~~~~~~~~~~
/home/Rpi/YDLidar-SDK/./core/common/ydlidar_help.h: In function ‘void ydlidar::core::common::warn(char*, ...)’:
/home/Rpi/YDLidar-SDK/./core/common/ydlidar_help.h:96:10: warning: format not a string literal and no format arguments [-Wformat-security]
   96 |   printf(buff); \
      |          ^~~~
/home/Rpi/YDLidar-SDK/./core/common/ydlidar_help.h:125:3: note: in expansion of macro ‘FORMAT_STDOUT’
  125 |   FORMAT_STDOUT
      |   ^~~~~~~~~~~~~
/home/Rpi/YDLidar-SDK/./core/common/ydlidar_help.h: In function ‘void ydlidar::core::common::error(char*, ...)’:
/home/Rpi/YDLidar-SDK/./core/common/ydlidar_help.h:96:10: warning: format not a string literal and no format arguments [-Wformat-security]
   96 |   printf(buff); \
      |          ^~~~
/home/Rpi/YDLidar-SDK/./core/common/ydlidar_help.h:136:3: note: in expansion of macro ‘FORMAT_STDOUT’
  136 |   FORMAT_STDOUT
      |   ^~~~~~~~~~~~~
/home/Rpi/YDLidar-SDK/./core/common/ydlidar_help.h: In function ‘bool ydlidar::core::common::printfDeviceInfo(const device_info&, int)’:
/home/Rpi/YDLidar-SDK/./core/common/ydlidar_help.h:1111:8: warning: ISO C++ forbids converting a string constant to ‘char*’ [-Wwrite-strings]
 1111 |   info("%s device info\n"
      |        ^~~~~~~~~~~~~~~~~~
 1112 |          "Firmware version: %u.%u\n"
      |          ~~~~~~~~~~~~~~~~~~~~~~~~~~~
 1113 |          "Hardware version: %u\n"
      |          ~~~~~~~~~~~~~~~~~~~~~~~~
 1114 |          "Model: %s\n"
      |          ~~~~~~~~~~~~~
 1115 |          "Serial: %s",
      |          ~~~~~~~~~~~~
/home/Rpi/YDLidar-SDK/examples/tia_test.cpp: In function ‘int main(int, char**)’:
/home/Rpi/YDLidar-SDK/examples/tia_test.cpp:105:11: warning: ISO C++ forbids converting a string constant to ‘char*’ [-Wwrite-strings]
  105 |     error("Error %s", laser.DescribeError());
      |           ^~~~~~~~~~
/home/Rpi/YDLidar-SDK/examples/tia_test.cpp:114:12: warning: ISO C++ forbids converting a string constant to ‘char*’ [-Wwrite-strings]
  114 |       info("Scan received at [%.02f]Hz [%u] points in [%.03f]s",
      |            ^~~~~~~~~~~~~~~~~~~~~~~~~~~~~~~~~~~~~~~~~~~~~~~~~~~~
/home/Rpi/YDLidar-SDK/examples/tia_test.cpp:121:13: warning: ISO C++ forbids converting a string constant to ‘char*’ [-Wwrite-strings]
  121 |       error("Failed to get lidar data");
      |             ^~~~~~~~~~~~~~~~~~~~~~~~~~
