In file included from /tmp/pip-req-build-y52qbz0a/src/SDMLidarDriver.h:57,
                 from /tmp/pip-req-build-y52qbz0a/src/SDMLidarDriver.cpp:36:
/tmp/pip-req-build-y52qbz0a/./core/base/thread.h: In member function ‘int ydlidar::core::base::Thread::join(long unsigned int)’:
/tmp/pip-req-build-y52qbz0a/./core/base/thread.h:135:46: warning: format ‘%X’ expects argument of type ‘unsigned int’, but argument 2 has type ‘_size_t’ {aka ‘long unsigned int’} [-Wformat=]
  135 |           printf("[YDLIDAR DEBUG] Thread [0x%X] ready to cancel[%d]\n", _handle, s);
      |                                             ~^                          ~~~~~~~
      |                                              |                          |
      |                                              unsigned int               _size_t {aka long unsigned int}
      |                                             %lX
/tmp/pip-req-build-y52qbz0a/./core/base/thread.h:137:46: warning: format ‘%X’ expects argument of type ‘unsigned int’, but argument 2 has type ‘_size_t’ {aka ‘long unsigned int’} [-Wformat=]
  137 |           printf("[YDLIDAR DEBUG] Thread [0x%X] ready to cancel[%d] time[%u]\n",
      |                                             ~^
      |                                              |
      |                                              unsigned int
      |                                             %lX
  138 |             _handle, s, getms() - t);
      |             ~~~~~~~                           
      |             |
      |             _size_t {aka long unsigned int}
/tmp/pip-req-build-y52qbz0a/./core/base/thread.h:141:42: warning: format ‘%X’ expects argument of type ‘unsigned int’, but argument 2 has type ‘_size_t’ {aka ‘long unsigned int’} [-Wformat=]
  141 |             printf("[YDLIDAR] Thread [0x%X] has been canceled in other thread\n", _handle);
      |                                         ~^                                        ~~~~~~~
      |                                          |                                        |
      |                                          unsigned int                             _size_t {aka long unsigned int}
      |                                         %lX
/tmp/pip-req-build-y52qbz0a/./core/base/thread.h:146:74: warning: format ‘%X’ expects argument of type ‘unsigned int’, but argument 3 has type ‘_size_t’ {aka ‘long unsigned int’} [-Wformat=]
  146 |             fprintf(stderr, "[YDLIDAR] An error occurred while thread[0x%X] cancelled!\n", _handle);
      |                                                                         ~^                 ~~~~~~~
      |                                                                          |                 |
      |                                                                          unsigned int      _size_t {aka long unsigned int}
      |                                                                         %lX
/tmp/pip-req-build-y52qbz0a/./core/base/thread.h:150:40: warning: format ‘%X’ expects argument of type ‘unsigned int’, but argument 2 has type ‘_size_t’ {aka ‘long unsigned int’} [-Wformat=]
  150 |           printf("[YDLIDAR] Thread [0x%X] has been canceled\n", _handle);
      |                                       ~^                        ~~~~~~~
      |                                        |                        |
      |                                        unsigned int             _size_t {aka long unsigned int}
      |                                       %lX
In file included from /tmp/pip-req-build-y52qbz0a/src/SDMLidarDriver.h:59,
                 from /tmp/pip-req-build-y52qbz0a/src/SDMLidarDriver.cpp:36:
/tmp/pip-req-build-y52qbz0a/./core/common/ydlidar_help.h: In function ‘void ydlidar::core::common::debug(char*, ...)’:
/tmp/pip-req-build-y52qbz0a/./core/common/ydlidar_help.h:96:10: warning: format not a string literal and no format arguments [-Wformat-security]
   96 |   printf(buff); \
      |          ^~~~
/tmp/pip-req-build-y52qbz0a/./core/common/ydlidar_help.h:105:3: note: in expansion of macro ‘FORMAT_STDOUT’
  105 |   FORMAT_STDOUT
      |   ^~~~~~~~~~~~~
/tmp/pip-req-build-y52qbz0a/./core/common/ydlidar_help.h: In function ‘void ydlidar::core::common::info(char*, ...)’:
/tmp/pip-req-build-y52qbz0a/./core/common/ydlidar_help.h:96:10: warning: format not a string literal and no format arguments [-Wformat-security]
   96 |   printf(buff); \
      |          ^~~~
/tmp/pip-req-build-y52qbz0a/./core/common/ydlidar_help.h:115:3: note: in expansion of macro ‘FORMAT_STDOUT’
  115 |   FORMAT_STDOUT
      |   ^~~~~~~~~~~~~
/tmp/pip-req-build-y52qbz0a/./core/common/ydlidar_help.h: In function ‘void ydlidar::core::common::warn(char*, ...)’:
/tmp/pip-req-build-y52qbz0a/./core/common/ydlidar_help.h:96:10: warning: format not a string literal and no format arguments [-Wformat-security]
   96 |   printf(buff); \
      |          ^~~~
/tmp/pip-req-build-y52qbz0a/./core/common/ydlidar_help.h:125:3: note: in expansion of macro ‘FORMAT_STDOUT’
  125 |   FORMAT_STDOUT
      |   ^~~~~~~~~~~~~
/tmp/pip-req-build-y52qbz0a/./core/common/ydlidar_help.h: In function ‘void ydlidar::core::common::error(char*, ...)’:
/tmp/pip-req-build-y52qbz0a/./core/common/ydlidar_help.h:96:10: warning: format not a string literal and no format arguments [-Wformat-security]
   96 |   printf(buff); \
      |          ^~~~
/tmp/pip-req-build-y52qbz0a/./core/common/ydlidar_help.h:136:3: note: in expansion of macro ‘FORMAT_STDOUT’
  136 |   FORMAT_STDOUT
      |   ^~~~~~~~~~~~~
/tmp/pip-req-build-y52qbz0a/./core/common/ydlidar_help.h: In function ‘bool ydlidar::core::common::printfDeviceInfo(const device_info&, int)’:
/tmp/pip-req-build-y52qbz0a/./core/common/ydlidar_help.h:1111:8: warning: ISO C++ forbids converting a string constant to ‘char*’ [-Wwrite-strings]
 1111 |   info("%s device info\n"
      |        ^~~~~~~~~~~~~~~~~~
 1112 |          "Firmware version: %u.%u\n"
      |          ~~~~~~~~~~~~~~~~~~~~~~~~~~~
 1113 |          "Hardware version: %u\n"
      |          ~~~~~~~~~~~~~~~~~~~~~~~~
 1114 |          "Model: %s\n"
      |          ~~~~~~~~~~~~~
 1115 |          "Serial: %s",
      |          ~~~~~~~~~~~~
/tmp/pip-req-build-y52qbz0a/src/SDMLidarDriver.cpp: In member function ‘result_t ydlidar::SDMLidarDriver::createThread()’:
/tmp/pip-req-build-y52qbz0a/src/SDMLidarDriver.cpp:812:44: warning: format ‘%X’ expects argument of type ‘unsigned int’, but argument 2 has type ‘_size_t’ {aka ‘long unsigned int’} [-Wformat=]
  812 |     printf("[YDLIDAR] Create SDM thread 0x%X\n", _thread.getHandle());
      |                                           ~^     ~~~~~~~~~~~~~~~~~~~
      |                                            |                      |
      |                                            unsigned int           _size_t {aka long unsigned int}
      |                                           %lX
