In file included from /tmp/pip-req-build-syrigjyk/./core/common/DriverInterface.h:5,
                 from /tmp/pip-req-build-syrigjyk/./core/common/ydlidar_help.h:46,
                 from /tmp/pip-req-build-syrigjyk/src/YDlidarDriver.cpp:26:
/tmp/pip-req-build-syrigjyk/./core/base/thread.h: In member function ‘int ydlidar::core::base::Thread::join(long unsigned int)’:
/tmp/pip-req-build-syrigjyk/./core/base/thread.h:135:46: warning: format ‘%X’ expects argument of type ‘unsigned int’, but argument 2 has type ‘_size_t’ {aka ‘long unsigned int’} [-Wformat=]
  135 |           printf("[YDLIDAR DEBUG] Thread [0x%X] ready to cancel[%d]\n", _handle, s);
      |                                             ~^                          ~~~~~~~
      |                                              |                          |
      |                                              unsigned int               _size_t {aka long unsigned int}
      |                                             %lX
/tmp/pip-req-build-syrigjyk/./core/base/thread.h:137:46: warning: format ‘%X’ expects argument of type ‘unsigned int’, but argument 2 has type ‘_size_t’ {aka ‘long unsigned int’} [-Wformat=]
  137 |           printf("[YDLIDAR DEBUG] Thread [0x%X] ready to cancel[%d] time[%u]\n",
      |                                             ~^
      |                                              |
      |                                              unsigned int
      |                                             %lX
  138 |             _handle, s, getms() - t);
      |             ~~~~~~~                           
      |             |
      |             _size_t {aka long unsigned int}
/tmp/pip-req-build-syrigjyk/./core/base/thread.h:141:42: warning: format ‘%X’ expects argument of type ‘unsigned int’, but argument 2 has type ‘_size_t’ {aka ‘long unsigned int’} [-Wformat=]
  141 |             printf("[YDLIDAR] Thread [0x%X] has been canceled in other thread\n", _handle);
      |                                         ~^                                        ~~~~~~~
      |                                          |                                        |
      |                                          unsigned int                             _size_t {aka long unsigned int}
      |                                         %lX
/tmp/pip-req-build-syrigjyk/./core/base/thread.h:146:74: warning: format ‘%X’ expects argument of type ‘unsigned int’, but argument 3 has type ‘_size_t’ {aka ‘long unsigned int’} [-Wformat=]
  146 |             fprintf(stderr, "[YDLIDAR] An error occurred while thread[0x%X] cancelled!\n", _handle);
      |                                                                         ~^                 ~~~~~~~
      |                                                                          |                 |
      |                                                                          unsigned int      _size_t {aka long unsigned int}
      |                                                                         %lX
/tmp/pip-req-build-syrigjyk/./core/base/thread.h:150:40: warning: format ‘%X’ expects argument of type ‘unsigned int’, but argument 2 has type ‘_size_t’ {aka ‘long unsigned int’} [-Wformat=]
  150 |           printf("[YDLIDAR] Thread [0x%X] has been canceled\n", _handle);
      |                                       ~^                        ~~~~~~~
      |                                        |                        |
      |                                        unsigned int             _size_t {aka long unsigned int}
      |                                       %lX
In file included from /tmp/pip-req-build-syrigjyk/src/YDlidarDriver.cpp:26:
/tmp/pip-req-build-syrigjyk/./core/common/ydlidar_help.h: In function ‘void ydlidar::core::common::debug(char*, ...)’:
/tmp/pip-req-build-syrigjyk/./core/common/ydlidar_help.h:96:10: warning: format not a string literal and no format arguments [-Wformat-security]
   96 |   printf(buff); \
      |          ^~~~
/tmp/pip-req-build-syrigjyk/./core/common/ydlidar_help.h:105:3: note: in expansion of macro ‘FORMAT_STDOUT’
  105 |   FORMAT_STDOUT
      |   ^~~~~~~~~~~~~
/tmp/pip-req-build-syrigjyk/./core/common/ydlidar_help.h: In function ‘void ydlidar::core::common::info(char*, ...)’:
/tmp/pip-req-build-syrigjyk/./core/common/ydlidar_help.h:96:10: warning: format not a string literal and no format arguments [-Wformat-security]
   96 |   printf(buff); \
      |          ^~~~
/tmp/pip-req-build-syrigjyk/./core/common/ydlidar_help.h:115:3: note: in expansion of macro ‘FORMAT_STDOUT’
  115 |   FORMAT_STDOUT
      |   ^~~~~~~~~~~~~
/tmp/pip-req-build-syrigjyk/./core/common/ydlidar_help.h: In function ‘void ydlidar::core::common::warn(char*, ...)’:
/tmp/pip-req-build-syrigjyk/./core/common/ydlidar_help.h:96:10: warning: format not a string literal and no format arguments [-Wformat-security]
   96 |   printf(buff); \
      |          ^~~~
/tmp/pip-req-build-syrigjyk/./core/common/ydlidar_help.h:125:3: note: in expansion of macro ‘FORMAT_STDOUT’
  125 |   FORMAT_STDOUT
      |   ^~~~~~~~~~~~~
/tmp/pip-req-build-syrigjyk/./core/common/ydlidar_help.h: In function ‘void ydlidar::core::common::error(char*, ...)’:
/tmp/pip-req-build-syrigjyk/./core/common/ydlidar_help.h:96:10: warning: format not a string literal and no format arguments [-Wformat-security]
   96 |   printf(buff); \
      |          ^~~~
/tmp/pip-req-build-syrigjyk/./core/common/ydlidar_help.h:136:3: note: in expansion of macro ‘FORMAT_STDOUT’
  136 |   FORMAT_STDOUT
      |   ^~~~~~~~~~~~~
/tmp/pip-req-build-syrigjyk/./core/common/ydlidar_help.h: In function ‘bool ydlidar::core::common::printfDeviceInfo(const device_info&, int)’:
/tmp/pip-req-build-syrigjyk/./core/common/ydlidar_help.h:1111:8: warning: ISO C++ forbids converting a string constant to ‘char*’ [-Wwrite-strings]
 1111 |   info("%s device info\n"
      |        ^~~~~~~~~~~~~~~~~~
 1112 |          "Firmware version: %u.%u\n"
      |          ~~~~~~~~~~~~~~~~~~~~~~~~~~~
 1113 |          "Hardware version: %u\n"
      |          ~~~~~~~~~~~~~~~~~~~~~~~~
 1114 |          "Model: %s\n"
      |          ~~~~~~~~~~~~~
 1115 |          "Serial: %s",
      |          ~~~~~~~~~~~~
/tmp/pip-req-build-syrigjyk/src/YDlidarDriver.cpp: In member function ‘virtual result_t ydlidar::YDlidarDriver::connect(const char*, uint32_t)’:
/tmp/pip-req-build-syrigjyk/src/YDlidarDriver.cpp:166:12: warning: ISO C++ forbids converting a string constant to ‘char*’ [-Wwrite-strings]
  166 |       info("Stop Lidar");
      |            ^~~~~~~~~~~~
/tmp/pip-req-build-syrigjyk/src/YDlidarDriver.cpp: In member function ‘int ydlidar::YDlidarDriver::cacheScanData()’:
/tmp/pip-req-build-syrigjyk/src/YDlidarDriver.cpp:640:19: warning: ISO C++ forbids converting a string constant to ‘char*’ [-Wwrite-strings]
  640 |             error("Exit scanning thread!");
      |                   ^~~~~~~~~~~~~~~~~~~~~~~
/tmp/pip-req-build-syrigjyk/src/YDlidarDriver.cpp:673:17: warning: ISO C++ forbids converting a string constant to ‘char*’ [-Wwrite-strings]
  673 |           error("Timeout count: %d", timeout_count);
      |                 ^~~~~~~~~~~~~~~~~~~
/tmp/pip-req-build-syrigjyk/src/YDlidarDriver.cpp: In member function ‘result_t ydlidar::YDlidarDriver::parseResponseHeader(uint8_t*, uint32_t)’:
/tmp/pip-req-build-syrigjyk/src/YDlidarDriver.cpp:874:21: warning: ISO C++ forbids converting a string constant to ‘char*’ [-Wwrite-strings]
  874 |               error("Checksum error c[0x%02X] != r[0x%02X]", csc, csr);
      |                     ^~~~~~~~~~~~~~~~~~~~~~~~~~~~~~~~~~~~~~~
/tmp/pip-req-build-syrigjyk/src/YDlidarDriver.cpp: In member function ‘void ydlidar::YDlidarDriver::calcuteCheckSum(node_info*)’:
/tmp/pip-req-build-syrigjyk/src/YDlidarDriver.cpp:1179:13: warning: ISO C++ forbids converting a string constant to ‘char*’ [-Wwrite-strings]
 1179 |       error("Check Sum 0x%04X != 0x%04X", CheckSumCal, CheckSum);
      |             ^~~~~~~~~~~~~~~~~~~~~~~~~~~~
/tmp/pip-req-build-syrigjyk/src/YDlidarDriver.cpp: In member function ‘result_t ydlidar::YDlidarDriver::createThread()’:
/tmp/pip-req-build-syrigjyk/src/YDlidarDriver.cpp:1937:13: warning: ISO C++ forbids converting a string constant to ‘char*’ [-Wwrite-strings]
 1937 |       error("[YDLIDAR] Fail to create thread");
      |             ^~~~~~~~~~~~~~~~~~~~~~~~~~~~~~~~~
/tmp/pip-req-build-syrigjyk/src/YDlidarDriver.cpp:1941:10: warning: ISO C++ forbids converting a string constant to ‘char*’ [-Wwrite-strings]
 1941 |     info("[YDLIDAR] Create thread 0x%X", m_thread->get_id());
      |          ^~~~~~~~~~~~~~~~~~~~~~~~~~~~~~
/tmp/pip-req-build-syrigjyk/src/YDlidarDriver.cpp: In member function ‘virtual result_t ydlidar::YDlidarDriver::getIntensityFlag()’:
/tmp/pip-req-build-syrigjyk/src/YDlidarDriver.cpp:2707:10: warning: ISO C++ forbids converting a string constant to ‘char*’ [-Wwrite-strings]
 2707 |     info("Start to getting intensity flag");
      |          ^~~~~~~~~~~~~~~~~~~~~~~~~~~~~~~~~
/tmp/pip-req-build-syrigjyk/src/YDlidarDriver.cpp:2740:20: warning: ISO C++ forbids converting a string constant to ‘char*’ [-Wwrite-strings]
 2740 |               warn("Fail to getting intensity");
      |                    ^~~~~~~~~~~~~~~~~~~~~~~~~~~
/tmp/pip-req-build-syrigjyk/src/YDlidarDriver.cpp:2764:12: warning: ISO C++ forbids converting a string constant to ‘char*’ [-Wwrite-strings]
 2764 |       info("Auto set intensity %d", m_intensities);
      |            ^~~~~~~~~~~~~~~~~~~~~~~
/tmp/pip-req-build-syrigjyk/src/YDlidarDriver.cpp:2767:10: warning: ISO C++ forbids converting a string constant to ‘char*’ [-Wwrite-strings]
 2767 |     info("[YDLIDAR] End to getting intensity flag");
      |          ^~~~~~~~~~~~~~~~~~~~~~~~~~~~~~~~~~~~~~~~~
